# JRE version: Java(TM) SE Runtime Environment (7.0_45-b18) (build 1.7.0_45-b18)
# Java VM: Java HotSpot(TM) Client VM (24.45-b08 mixed mode windows-x86 )
Heap
 def new generation   total 4928K, used 818K [0x04000000, 0x04550000, 0x09550000)
  eden space 4416K,   7% used [0x04000000, 0x04054738, 0x04450000)
  from space 512K,  93% used [0x044d0000, 0x04548318, 0x04550000)
  to   space 512K,   0% used [0x04450000, 0x04450000, 0x044d0000)
 tenured generation   total 10944K, used 3192K [0x09550000, 0x0a000000, 0x14000000)
   the space 10944K,  29% used [0x09550000, 0x0986e370, 0x0986e400, 0x0a000000)
 compacting perm gen  total 12288K, used 1624K [0x14000000, 0x14c00000, 0x18000000)
   the space 12288K,  13% used [0x14000000, 0x141962d8, 0x14196400, 0x14c00000)
GC Heap History (6 events):
Event: 11.975 GC heap before
{Heap before GC invocations=0 (full 0):
 def new generation   total 4928K, used 4394K [0x04000000, 0x04550000, 0x09550000)
  eden space 4416K,  99% used [0x04000000, 0x0444a9a8, 0x04450000)
  from space 512K,   0% used [0x04450000, 0x04450000, 0x044d0000)
  to   space 512K,   0% used [0x044d0000, 0x044d0000, 0x04550000)
 tenured generation   total 10944K, used 0K [0x09550000, 0x0a000000, 0x14000000)
   the space 10944K,   0% used [0x09550000, 0x09550000, 0x09550200, 0x0a000000)
 compacting perm gen  total 12288K, used 1621K [0x14000000, 0x14c00000, 0x18000000)
   the space 12288K,  13% used [0x14000000, 0x14195770, 0x14195800, 0x14c00000)
No shared spaces configured.
Event: 11.976 GC heap after
Heap after GC invocations=1 (full 0):
 def new generation   total 4928K, used 512K [0x04000000, 0x04550000, 0x09550000)
  eden space 4416K,   0% used [0x04000000, 0x04000000, 0x04450000)
  from space 512K, 100% used [0x044d0000, 0x04550000, 0x04550000)
  to   space 512K,   0% used [0x04450000, 0x04450000, 0x044d0000)
 tenured generation   total 10944K, used 844K [0x09550000, 0x0a000000, 0x14000000)
   the space 10944K,   7% used [0x09550000, 0x096233f8, 0x09623400, 0x0a000000)
 compacting perm gen  total 12288K, used 1621K [0x14000000, 0x14c00000, 0x18000000)
   the space 12288K,  13% used [0x14000000, 0x14195770, 0x14195800, 0x14c00000)
No shared spaces configured.
}
Event: 21.262 GC heap before
{Heap before GC invocations=1 (full 0):
 def new generation   total 4928K, used 4911K [0x04000000, 0x04550000, 0x09550000)
  eden space 4416K,  99% used [0x04000000, 0x0444be30, 0x04450000)
  from space 512K, 100% used [0x044d0000, 0x04550000, 0x04550000)
  to   space 512K,   0% used [0x04450000, 0x04450000, 0x044d0000)
 tenured generation   total 10944K, used 844K [0x09550000, 0x0a000000, 0x14000000)
   the space 10944K,   7% used [0x09550000, 0x096233f8, 0x09623400, 0x0a000000)
 compacting perm gen  total 12288K, used 1621K [0x14000000, 0x14c00000, 0x18000000)
   the space 12288K,  13% used [0x14000000, 0x14195770, 0x14195800, 0x14c00000)
No shared spaces configured.
Event: 21.263 GC heap after
Heap after GC invocations=2 (full 0):
 def new generation   total 4928K, used 506K [0x04000000, 0x04550000, 0x09550000)
  eden space 4416K,   0% used [0x04000000, 0x04000000, 0x04450000)
  from space 512K,  98% used [0x04450000, 0x044ce808, 0x044d0000)
  to   space 512K,   0% used [0x044d0000, 0x044d0000, 0x04550000)
 tenured generation   total 10944K, used 1990K [0x09550000, 0x0a000000, 0x14000000)
   the space 10944K,  18% used [0x09550000, 0x09741950, 0x09741a00, 0x0a000000)
 compacting perm gen  total 12288K, used 1621K [0x14000000, 0x14c00000, 0x18000000)
   the space 12288K,  13% used [0x14000000, 0x14195770, 0x14195800, 0x14c00000)
No shared spaces configured.
}
Event: 38.412 GC heap before
{Heap before GC invocations=2 (full 0):
 def new generation   total 4928K, used 4889K [0x04000000, 0x04550000, 0x09550000)
  eden space 4416K,  99% used [0x04000000, 0x04447e18, 0x04450000)
  from space 512K,  98% used [0x04450000, 0x044ce808, 0x044d0000)
  to   space 512K,   0% used [0x044d0000, 0x044d0000, 0x04550000)
 tenured generation   total 10944K, used 1990K [0x09550000, 0x0a000000, 0x14000000)
   the space 10944K,  18% used [0x09550000, 0x09741950, 0x09741a00, 0x0a000000)
 compacting perm gen  total 12288K, used 1621K [0x14000000, 0x14c00000, 0x18000000)
   the space 12288K,  13% used [0x14000000, 0x14195770, 0x14195800, 0x14c00000)
No shared spaces configured.
Event: 38.414 GC heap after
Heap after GC invocations=3 (full 0):
 def new generation   total 4928K, used 480K [0x04000000, 0x04550000, 0x09550000)
  eden space 4416K,   0% used [0x04000000, 0x04000000, 0x04450000)
  from space 512K,  93% used [0x044d0000, 0x04548318, 0x04550000)
  to   space 512K,   0% used [0x04450000, 0x04450000, 0x044d0000)
 tenured generation   total 10944K, used 3192K [0x09550000, 0x0a000000, 0x14000000)
   the space 10944K,  29% used [0x09550000, 0x0986e370, 0x0986e400, 0x0a000000)
 compacting perm gen  total 12288K, used 1621K [0x14000000, 0x14c00000, 0x18000000)
   the space 12288K,  13% used [0x14000000, 0x14195770, 0x14195800, 0x14c00000)
No shared spaces configured.
}

