# JRE version: Java(TM) SE Runtime Environment (7.0_45-b18) (build 1.7.0_45-b18)
# Java VM: Java HotSpot(TM) Client VM (24.45-b08 mixed mode windows-x86 )
Heap
 def new generation   total 4928K, used 2344K [0x04000000, 0x04550000, 0x09550000)
  eden space 4416K,  53% used [0x04000000, 0x0424a0e0, 0x04450000)
  from space 512K,   0% used [0x044d0000, 0x044d01f0, 0x04550000)
  to   space 512K,   0% used [0x04450000, 0x04450000, 0x044d0000)
 tenured generation   total 10944K, used 348K [0x09550000, 0x0a000000, 0x14000000)
   the space 10944K,   3% used [0x09550000, 0x095a70f8, 0x095a7200, 0x0a000000)
 compacting perm gen  total 12288K, used 2039K [0x14000000, 0x14c00000, 0x18000000)
   the space 12288K,  16% used [0x14000000, 0x141fde48, 0x141fe000, 0x14c00000)
GC Heap History (10 events):
Event: 24.116 GC heap before
{Heap before GC invocations=88 (full 0):
 def new generation   total 4928K, used 4416K [0x04000000, 0x04550000, 0x09550000)
  eden space 4416K, 100% used [0x04000000, 0x04450000, 0x04450000)
  from space 512K,   0% used [0x04450000, 0x044500a0, 0x044d0000)
  to   space 512K,   0% used [0x044d0000, 0x044d0000, 0x04550000)
 tenured generation   total 10944K, used 348K [0x09550000, 0x0a000000, 0x14000000)
   the space 10944K,   3% used [0x09550000, 0x095a70f8, 0x095a7200, 0x0a000000)
 compacting perm gen  total 12288K, used 2033K [0x14000000, 0x14c00000, 0x18000000)
   the space 12288K,  16% used [0x14000000, 0x141fc770, 0x141fc800, 0x14c00000)
No shared spaces configured.
Event: 24.116 GC heap after
Heap after GC invocations=89 (full 0):
 def new generation   total 4928K, used 0K [0x04000000, 0x04550000, 0x09550000)
  eden space 4416K,   0% used [0x04000000, 0x04000000, 0x04450000)
  from space 512K,   0% used [0x044d0000, 0x044d0220, 0x04550000)
  to   space 512K,   0% used [0x04450000, 0x04450000, 0x044d0000)
 tenured generation   total 10944K, used 348K [0x09550000, 0x0a000000, 0x14000000)
   the space 10944K,   3% used [0x09550000, 0x095a70f8, 0x095a7200, 0x0a000000)
 compacting perm gen  total 12288K, used 2033K [0x14000000, 0x14c00000, 0x18000000)
   the space 12288K,  16% used [0x14000000, 0x141fc770, 0x141fc800, 0x14c00000)
No shared spaces configured.
}
Event: 24.300 GC heap before
{Heap before GC invocations=89 (full 0):
 def new generation   total 4928K, used 4416K [0x04000000, 0x04550000, 0x09550000)
  eden space 4416K, 100% used [0x04000000, 0x04450000, 0x04450000)
  from space 512K,   0% used [0x044d0000, 0x044d0220, 0x04550000)
  to   space 512K,   0% used [0x04450000, 0x04450000, 0x044d0000)
 tenured generation   total 10944K, used 348K [0x09550000, 0x0a000000, 0x14000000)
   the space 10944K,   3% used [0x09550000, 0x095a70f8, 0x095a7200, 0x0a000000)
 compacting perm gen  total 12288K, used 2033K [0x14000000, 0x14c00000, 0x18000000)
   the space 12288K,  16% used [0x14000000, 0x141fc770, 0x141fc800, 0x14c00000)
No shared spaces configured.
Event: 24.300 GC heap after
Heap after GC invocations=90 (full 0):
 def new generation   total 4928K, used 0K [0x04000000, 0x04550000, 0x09550000)
  eden space 4416K,   0% used [0x04000000, 0x04000000, 0x04450000)
  from space 512K,   0% used [0x04450000, 0x044501a0, 0x044d0000)
  to   space 512K,   0% used [0x044d0000, 0x044d0000, 0x04550000)
 tenured generation   total 10944K, used 348K [0x09550000, 0x0a000000, 0x14000000)
   the space 10944K,   3% used [0x09550000, 0x095a70f8, 0x095a7200, 0x0a000000)
 compacting perm gen  total 12288K, used 2033K [0x14000000, 0x14c00000, 0x18000000)
   the space 12288K,  16% used [0x14000000, 0x141fc770, 0x141fc800, 0x14c00000)
No shared spaces configured.
}
Event: 24.479 GC heap before
{Heap before GC invocations=90 (full 0):
 def new generation   total 4928K, used 4416K [0x04000000, 0x04550000, 0x09550000)
  eden space 4416K, 100% used [0x04000000, 0x04450000, 0x04450000)
  from space 512K,   0% used [0x04450000, 0x044501a0, 0x044d0000)
  to   space 512K,   0% used [0x044d0000, 0x044d0000, 0x04550000)
 tenured generation   total 10944K, used 348K [0x09550000, 0x0a000000, 0x14000000)
   the space 10944K,   3% used [0x09550000, 0x095a70f8, 0x095a7200, 0x0a000000)
 compacting perm gen  total 12288K, used 2033K [0x14000000, 0x14c00000, 0x18000000)
   the space 12288K,  16% used [0x14000000, 0x141fc770, 0x141fc800, 0x14c00000)
No shared spaces configured.
Event: 24.479 GC heap after
Heap after GC invocations=91 (full 0):
 def new generation   total 4928K, used 0K [0x04000000, 0x04550000, 0x09550000)
  eden space 4416K,   0% used [0x04000000, 0x04000000, 0x04450000)
  from space 512K,   0% used [0x044d0000, 0x044d0140, 0x04550000)
  to   space 512K,   0% used [0x04450000, 0x04450000, 0x044d0000)
 tenured generation   total 10944K, used 348K [0x09550000, 0x0a000000, 0x14000000)
   the space 10944K,   3% used [0x09550000, 0x095a70f8, 0x095a7200, 0x0a000000)
 compacting perm gen  total 12288K, used 2033K [0x14000000, 0x14c00000, 0x18000000)
   the space 12288K,  16% used [0x14000000, 0x141fc770, 0x141fc800, 0x14c00000)
No shared spaces configured.
}
Event: 24.661 GC heap before
{Heap before GC invocations=91 (full 0):
 def new generation   total 4928K, used 4416K [0x04000000, 0x04550000, 0x09550000)
  eden space 4416K, 100% used [0x04000000, 0x04450000, 0x04450000)
  from space 512K,   0% used [0x044d0000, 0x044d0140, 0x04550000)
  to   space 512K,   0% used [0x04450000, 0x04450000, 0x044d0000)
 tenured generation   total 10944K, used 348K [0x09550000, 0x0a000000, 0x14000000)
   the space 10944K,   3% used [0x09550000, 0x095a70f8, 0x095a7200, 0x0a000000)
 compacting perm gen  total 12288K, used 2033K [0x14000000, 0x14c00000, 0x18000000)
   the space 12288K,  16% used [0x14000000, 0x141fc770, 0x141fc800, 0x14c00000)
No shared spaces configured.
Event: 24.661 GC heap after
Heap after GC invocations=92 (full 0):
 def new generation   total 4928K, used 0K [0x04000000, 0x04550000, 0x09550000)
  eden space 4416K,   0% used [0x04000000, 0x04000000, 0x04450000)
  from space 512K,   0% used [0x04450000, 0x04450020, 0x044d0000)
  to   space 512K,   0% used [0x044d0000, 0x044d0000, 0x04550000)
 tenured generation   total 10944K, used 348K [0x09550000, 0x0a000000, 0x14000000)
   the space 10944K,   3% used [0x09550000, 0x095a70f8, 0x095a7200, 0x0a000000)
 compacting perm gen  total 12288K, used 2033K [0x14000000, 0x14c00000, 0x18000000)
   the space 12288K,  16% used [0x14000000, 0x141fc770, 0x141fc800, 0x14c00000)
No shared spaces configured.
}
Event: 24.842 GC heap before
{Heap before GC invocations=92 (full 0):
 def new generation   total 4928K, used 4416K [0x04000000, 0x04550000, 0x09550000)
  eden space 4416K, 100% used [0x04000000, 0x04450000, 0x04450000)
  from space 512K,   0% used [0x04450000, 0x04450020, 0x044d0000)
  to   space 512K,   0% used [0x044d0000, 0x044d0000, 0x04550000)
 tenured generation   total 10944K, used 348K [0x09550000, 0x0a000000, 0x14000000)
   the space 10944K,   3% used [0x09550000, 0x095a70f8, 0x095a7200, 0x0a000000)
 compacting perm gen  total 12288K, used 2033K [0x14000000, 0x14c00000, 0x18000000)
   the space 12288K,  16% used [0x14000000, 0x141fc770, 0x141fc800, 0x14c00000)
No shared spaces configured.
Event: 24.842 GC heap after
Heap after GC invocations=93 (full 0):
 def new generation   total 4928K, used 0K [0x04000000, 0x04550000, 0x09550000)
  eden space 4416K,   0% used [0x04000000, 0x04000000, 0x04450000)
  from space 512K,   0% used [0x044d0000, 0x044d01f0, 0x04550000)
  to   space 512K,   0% used [0x04450000, 0x04450000, 0x044d0000)
 tenured generation   total 10944K, used 348K [0x09550000, 0x0a000000, 0x14000000)
   the space 10944K,   3% used [0x09550000, 0x095a70f8, 0x095a7200, 0x0a000000)
 compacting perm gen  total 12288K, used 2033K [0x14000000, 0x14c00000, 0x18000000)
   the space 12288K,  16% used [0x14000000, 0x141fc770, 0x141fc800, 0x14c00000)
No shared spaces configured.
}

